<?xml version="1.0" encoding="UTF-8"?>
<!-- Generated by org.testng.reporters.JUnitXMLReporter -->
<testsuite ignored="0" hostname="DESKTOP-N2EM7TN" failures="1" tests="8" name="FlipkartAutomation" time="229.225" errors="0" timestamp="08 Mar 2023 09:19:58 GMT">
  <testcase classname="io.cucumber.testng.AbstractTestNGCucumberTests" name="runScenario" time="19.341">
    <failure type="io.cucumber.core.exception.CucumberException" message="Step [User enter the Text in the Search field] is defined with 1 parameters at &amp;apos;com.Stepdefenitions.SearchMobile_Testcase.user_enter_the_Text_in_the_Search_field(java.lang.String)&amp;apos;.
However, the gherkin step has 0 arguments.
Step text: User enter the Text in the Search field">
      <![CDATA[io.cucumber.core.exception.CucumberException: Step [User enter the Text in the Search field] is defined with 1 parameters at 'com.Stepdefenitions.SearchMobile_Testcase.user_enter_the_Text_in_the_Search_field(java.lang.String)'.
However, the gherkin step has 0 arguments.
Step text: User enter the Text in the Search field
at io.cucumber.core.runner.PickleStepDefinitionMatch.arityMismatch(PickleStepDefinitionMatch.java:134)
at io.cucumber.core.runner.PickleStepDefinitionMatch.runStep(PickleStepDefinitionMatch.java:42)
at io.cucumber.core.runner.TestStep.executeStep(TestStep.java:64)
at io.cucumber.core.runner.TestStep.run(TestStep.java:49)
at io.cucumber.core.runner.PickleStepTestStep.run(PickleStepTestStep.java:46)
at io.cucumber.core.runner.TestCase.run(TestCase.java:51)
at io.cucumber.core.runner.Runner.runPickle(Runner.java:67)
at io.cucumber.testng.TestNGCucumberRunner.runScenario(TestNGCucumberRunner.java:124)
at io.cucumber.testng.AbstractTestNGCucumberTests.runScenario(AbstractTestNGCucumberTests.java:29)
... Removed 25 stack frames]]>
    </failure>
  </testcase> <!-- runScenario -->
  <testcase classname="io.cucumber.testng.AbstractTestNGCucumberTests" name="runScenario" time="23.138"/>
  <testcase classname="io.cucumber.testng.AbstractTestNGCucumberTests" name="runScenario" time="21.246"/>
  <testcase classname="io.cucumber.testng.AbstractTestNGCucumberTests" name="runScenario" time="25.557"/>
  <testcase classname="io.cucumber.testng.AbstractTestNGCucumberTests" name="runScenario" time="26.041"/>
  <testcase classname="io.cucumber.testng.AbstractTestNGCucumberTests" name="runScenario" time="34.366"/>
  <testcase classname="io.cucumber.testng.AbstractTestNGCucumberTests" name="runScenario" time="39.57"/>
  <testcase classname="io.cucumber.testng.AbstractTestNGCucumberTests" name="runScenario" time="37.186"/>
</testsuite> <!-- FlipkartAutomation -->
