<?xml version="1.0" encoding="UTF-8"?>
<!-- Generated by org.testng.reporters.JUnitXMLReporter -->
<testsuite ignored="0" hostname="DESKTOP-N2EM7TN" failures="1" tests="8" name="FlipkartAutomation(failed)" time="153.509" errors="0" timestamp="07 Mar 2023 14:22:07 GMT">
  <testcase classname="io.cucumber.testng.AbstractTestNGCucumberTests" name="runScenario" time="14.942">
    <failure type="io.cucumber.core.exception.CucumberException" message="Step [User enter the Text in the Search field] is defined with 1 parameters at &amp;apos;com.Stepdefenitions.SearchMobile_Testcase.user_enter_the_Text_in_the_Search_field(java.lang.String)&amp;apos;.
However, the gherkin step has 0 arguments.
Step text: User enter the Text in the Search field">
      <![CDATA[io.cucumber.core.exception.CucumberException: Step [User enter the Text in the Search field] is defined with 1 parameters at 'com.Stepdefenitions.SearchMobile_Testcase.user_enter_the_Text_in_the_Search_field(java.lang.String)'.
However, the gherkin step has 0 arguments.
Step text: User enter the Text in the Search field
at io.cucumber.core.runner.PickleStepDefinitionMatch.arityMismatch(PickleStepDefinitionMatch.java:134)
at io.cucumber.core.runner.PickleStepDefinitionMatch.runStep(PickleStepDefinitionMatch.java:42)
at io.cucumber.core.runner.TestStep.executeStep(TestStep.java:64)
at io.cucumber.core.runner.TestStep.run(TestStep.java:49)
at io.cucumber.core.runner.PickleStepTestStep.run(PickleStepTestStep.java:46)
at io.cucumber.core.runner.TestCase.run(TestCase.java:51)
at io.cucumber.core.runner.Runner.runPickle(Runner.java:67)
at io.cucumber.testng.TestNGCucumberRunner.runScenario(TestNGCucumberRunner.java:124)
at io.cucumber.testng.AbstractTestNGCucumberTests.runScenario(AbstractTestNGCucumberTests.java:29)
... Removed 25 stack frames]]>
    </failure>
  </testcase> <!-- runScenario -->
  <testcase classname="io.cucumber.testng.AbstractTestNGCucumberTests" name="runScenario" time="65.357"/>
  <testcase classname="io.cucumber.testng.AbstractTestNGCucumberTests" name="runScenario" time="15.065"/>
  <testcase classname="io.cucumber.testng.AbstractTestNGCucumberTests" name="runScenario" time="12.725"/>
  <testcase classname="io.cucumber.testng.AbstractTestNGCucumberTests" name="runScenario" time="11.9"/>
  <testcase classname="io.cucumber.testng.AbstractTestNGCucumberTests" name="runScenario" time="6.77"/>
  <testcase classname="io.cucumber.testng.AbstractTestNGCucumberTests" name="runScenario" time="13.448"/>
  <testcase classname="io.cucumber.testng.AbstractTestNGCucumberTests" name="runScenario" time="10.583"/>
</testsuite> <!-- FlipkartAutomation(failed) -->
